#-----------------------------------------------------------
# Vivado v2016.1 (64-bit)
# SW Build 1538259 on Fri Apr  8 15:45:27 MDT 2016
# IP Build 1537824 on Fri Apr  8 04:28:57 MDT 2016
# Start of session at: Wed May 01 21:35:53 2019
# Process ID: 17848
# Current directory: C:/Users/srpat/Downloads/Lab 5
# Command line: vivado.exe -gui_launcher_event rodinguilauncherevent15576 C:\Users\srpat\Downloads\Lab 5\Lab 5.xpr
# Log file: C:/Users/srpat/Downloads/Lab 5/vivado.log
# Journal file: C:/Users/srpat/Downloads/Lab 5\vivado.jou
#-----------------------------------------------------------
start_gui
open_project {C:/Users/srpat/Downloads/Lab 5/Lab 5.xpr}
Scanning sources...
Finished scanning sources
INFO: [IP_Flow 19-234] Refreshing IP repositories
INFO: [IP_Flow 19-1704] No user IP repositories specified
INFO: [IP_Flow 19-2313] Loaded Vivado IP repository 'C:/Xilinx/Vivado/2016.1/data/ip'.
open_project: Time (s): cpu = 00:00:07 ; elapsed = 00:00:10 . Memory (MB): peak = 724.707 ; gain = 115.336
update_compile_order -fileset sources_1
close [ open {C:/Users/srpat/Downloads/Lab 5/Lab 5.srcs/sources_1/new/CLK_DIV.vhd} w ]
add_files {{C:/Users/srpat/Downloads/Lab 5/Lab 5.srcs/sources_1/new/CLK_DIV.vhd}}
update_compile_order -fileset sources_1
close [ open {C:/Users/srpat/Downloads/Lab 5/Lab 5.srcs/sources_1/new/controller.vhd} w ]
add_files {{C:/Users/srpat/Downloads/Lab 5/Lab 5.srcs/sources_1/new/controller.vhd}}
update_compile_order -fileset sources_1
close [ open {C:/Users/srpat/Downloads/Lab 5/Lab 5.srcs/sources_1/new/stopwatch.vhd} w ]
add_files {{C:/Users/srpat/Downloads/Lab 5/Lab 5.srcs/sources_1/new/stopwatch.vhd}}
update_compile_order -fileset sources_1
close [ open {C:/Users/srpat/Downloads/Lab 5/Lab 5.srcs/sources_1/new/decoder.vhd} w ]
add_files {{C:/Users/srpat/Downloads/Lab 5/Lab 5.srcs/sources_1/new/decoder.vhd}}
update_compile_order -fileset sources_1
update_compile_order -fileset sources_1
update_compile_order -fileset sim_1
update_compile_order -fileset sources_1
exit
INFO: [Common 17-206] Exiting Vivado at Wed May 01 22:40:20 2019...
